2025-10-10 12:25:42 - tcp_packets - INFO - 2025-10-10 15:25:42.352 | [INCOMING] [Login] [40 bytes] [0x60] [002660020492F5BA6303C6AF60A0A00011444348455930323530343030303031390068E818E70800] [unknown] [TIME:2025-10-10 12:25:42.351996]
2025-10-10 12:25:42 - tcp_packets - INFO - 2025-10-10 15:25:42.518 | [INCOMING] [Login] [57 bytes] [0x60] [003760027800E8D49604BEA66AA0A00011444348455930323530343030303031380068E8C5B9040101444348415400001564100E00001FC064] [unknown] [TIME:2025-10-10 12:25:42.518194]
2025-10-10 12:26:12 - tcp_packets - INFO - 2025-10-10 15:26:12.381 | [INCOMING] [Heartbeat] [9 bytes] [0x61] [00076102007AA00588] [DCHEY02504000019] [TIME:2025-10-10 12:26:12.380965]
2025-10-10 12:26:12 - tcp_packets - INFO - 2025-10-10 15:26:12.386 | [OUTGOING] [HeartbeatResponse] [9 bytes] [0x61] [00076102007AA00588] [DCHEY02504000019] [TIME:2025-10-10 12:26:12.386503]
2025-10-10 12:26:12 - tcp_packets - INFO - 2025-10-10 15:26:12.572 | [INCOMING] [Heartbeat] [9 bytes] [0x61] [00076102006D8F53F9] [DCHEY02504000018] [TIME:2025-10-10 12:26:12.572134]
2025-10-10 12:26:12 - tcp_packets - INFO - 2025-10-10 15:26:12.577 | [OUTGOING] [HeartbeatResponse] [9 bytes] [0x61] [00076102006D8F53F9] [DCHEY02504000018] [TIME:2025-10-10 12:26:12.577356]
2025-10-10 12:26:42 - tcp_packets - INFO - 2025-10-10 15:26:42.314 | [INCOMING] [Heartbeat] [9 bytes] [0x61] [00076102007AA00588] [DCHEY02504000019] [TIME:2025-10-10 12:26:42.314579]
2025-10-10 12:26:42 - tcp_packets - INFO - 2025-10-10 15:26:42.320 | [OUTGOING] [HeartbeatResponse] [9 bytes] [0x61] [00076102007AA00588] [DCHEY02504000019] [TIME:2025-10-10 12:26:42.320648]
2025-10-10 12:26:42 - tcp_packets - INFO - 2025-10-10 15:26:42.511 | [INCOMING] [Heartbeat] [9 bytes] [0x61] [00076102006D8F53F9] [DCHEY02504000018] [TIME:2025-10-10 12:26:42.511084]
2025-10-10 12:26:42 - tcp_packets - INFO - 2025-10-10 15:26:42.516 | [OUTGOING] [HeartbeatResponse] [9 bytes] [0x61] [00076102006D8F53F9] [DCHEY02504000018] [TIME:2025-10-10 12:26:42.516367]
2025-10-10 12:27:12 - tcp_packets - INFO - 2025-10-10 15:27:12.246 | [INCOMING] [Heartbeat] [9 bytes] [0x61] [00076102007AA00588] [DCHEY02504000019] [TIME:2025-10-10 12:27:12.246115]
2025-10-10 12:27:12 - tcp_packets - INFO - 2025-10-10 15:27:12.251 | [OUTGOING] [HeartbeatResponse] [9 bytes] [0x61] [00076102007AA00588] [DCHEY02504000019] [TIME:2025-10-10 12:27:12.251946]
2025-10-10 12:27:12 - tcp_packets - INFO - 2025-10-10 15:27:12.451 | [INCOMING] [Heartbeat] [9 bytes] [0x61] [00076102006D8F53F9] [DCHEY02504000018] [TIME:2025-10-10 12:27:12.451804]
2025-10-10 12:27:12 - tcp_packets - INFO - 2025-10-10 15:27:12.461 | [OUTGOING] [HeartbeatResponse] [9 bytes] [0x61] [00076102006D8F53F9] [DCHEY02504000018] [TIME:2025-10-10 12:27:12.461813]
2025-10-10 12:27:42 - tcp_packets - INFO - 2025-10-10 15:27:42.177 | [INCOMING] [Heartbeat] [9 bytes] [0x61] [00076102007AA00588] [DCHEY02504000019] [TIME:2025-10-10 12:27:42.177060]
2025-10-10 12:27:42 - tcp_packets - INFO - 2025-10-10 15:27:42.182 | [OUTGOING] [HeartbeatResponse] [9 bytes] [0x61] [00076102007AA00588] [DCHEY02504000019] [TIME:2025-10-10 12:27:42.182765]
2025-10-10 12:27:42 - tcp_packets - INFO - 2025-10-10 15:27:42.393 | [INCOMING] [Heartbeat] [9 bytes] [0x61] [00076102006D8F53F9] [DCHEY02504000018] [TIME:2025-10-10 12:27:42.393115]
2025-10-10 12:27:42 - tcp_packets - INFO - 2025-10-10 15:27:42.398 | [OUTGOING] [HeartbeatResponse] [9 bytes] [0x61] [00076102006D8F53F9] [DCHEY02504000018] [TIME:2025-10-10 12:27:42.398406]
2025-10-10 12:28:12 - tcp_packets - INFO - 2025-10-10 15:28:12.110 | [INCOMING] [Heartbeat] [9 bytes] [0x61] [00076102007AA00588] [DCHEY02504000019] [TIME:2025-10-10 12:28:12.110279]
2025-10-10 12:28:12 - tcp_packets - INFO - 2025-10-10 15:28:12.115 | [OUTGOING] [HeartbeatResponse] [9 bytes] [0x61] [00076102007AA00588] [DCHEY02504000019] [TIME:2025-10-10 12:28:12.115954]
2025-10-10 12:28:12 - tcp_packets - INFO - 2025-10-10 15:28:12.332 | [INCOMING] [Heartbeat] [9 bytes] [0x61] [00076102006D8F53F9] [DCHEY02504000018] [TIME:2025-10-10 12:28:12.332235]
2025-10-10 12:28:12 - tcp_packets - INFO - 2025-10-10 15:28:12.337 | [OUTGOING] [HeartbeatResponse] [9 bytes] [0x61] [00076102006D8F53F9] [DCHEY02504000018] [TIME:2025-10-10 12:28:12.337351]
2025-10-10 12:28:42 - tcp_packets - INFO - 2025-10-10 15:28:42.042 | [INCOMING] [Heartbeat] [9 bytes] [0x61] [00076102007AA00588] [DCHEY02504000019] [TIME:2025-10-10 12:28:42.042782]
2025-10-10 12:28:42 - tcp_packets - INFO - 2025-10-10 15:28:42.048 | [OUTGOING] [HeartbeatResponse] [9 bytes] [0x61] [00076102007AA00588] [DCHEY02504000019] [TIME:2025-10-10 12:28:42.048466]
2025-10-10 12:28:42 - tcp_packets - INFO - 2025-10-10 15:28:42.272 | [INCOMING] [Heartbeat] [9 bytes] [0x61] [00076102006D8F53F9] [DCHEY02504000018] [TIME:2025-10-10 12:28:42.272125]
2025-10-10 12:28:42 - tcp_packets - INFO - 2025-10-10 15:28:42.278 | [OUTGOING] [HeartbeatResponse] [9 bytes] [0x61] [00076102006D8F53F9] [DCHEY02504000018] [TIME:2025-10-10 12:28:42.278344]
2025-10-10 12:29:11 - tcp_packets - INFO - 2025-10-10 15:29:11.978 | [INCOMING] [Heartbeat] [9 bytes] [0x61] [00076102007AA00588] [DCHEY02504000019] [TIME:2025-10-10 12:29:11.978654]
2025-10-10 12:29:11 - tcp_packets - INFO - 2025-10-10 15:29:11.985 | [OUTGOING] [HeartbeatResponse] [9 bytes] [0x61] [00076102007AA00588] [DCHEY02504000019] [TIME:2025-10-10 12:29:11.985767]
2025-10-10 12:29:12 - tcp_packets - INFO - 2025-10-10 15:29:12.214 | [INCOMING] [Heartbeat] [9 bytes] [0x61] [00076102006D8F53F9] [DCHEY02504000018] [TIME:2025-10-10 12:29:12.214873]
2025-10-10 12:29:12 - tcp_packets - INFO - 2025-10-10 15:29:12.219 | [OUTGOING] [HeartbeatResponse] [9 bytes] [0x61] [00076102006D8F53F9] [DCHEY02504000018] [TIME:2025-10-10 12:29:12.219948]
2025-10-10 12:29:41 - tcp_packets - INFO - 2025-10-10 15:29:41.911 | [INCOMING] [Heartbeat] [9 bytes] [0x61] [00076102007AA00588] [DCHEY02504000019] [TIME:2025-10-10 12:29:41.911931]
2025-10-10 12:29:41 - tcp_packets - INFO - 2025-10-10 15:29:41.917 | [OUTGOING] [HeartbeatResponse] [9 bytes] [0x61] [00076102007AA00588] [DCHEY02504000019] [TIME:2025-10-10 12:29:41.917756]
2025-10-10 12:29:42 - tcp_packets - INFO - 2025-10-10 15:29:42.152 | [INCOMING] [Heartbeat] [9 bytes] [0x61] [00076102006D8F53F9] [DCHEY02504000018] [TIME:2025-10-10 12:29:42.152816]
2025-10-10 12:29:42 - tcp_packets - INFO - 2025-10-10 15:29:42.158 | [OUTGOING] [HeartbeatResponse] [9 bytes] [0x61] [00076102006D8F53F9] [DCHEY02504000018] [TIME:2025-10-10 12:29:42.158479]
2025-10-10 12:30:11 - tcp_packets - INFO - 2025-10-10 15:30:11.844 | [INCOMING] [Heartbeat] [9 bytes] [0x61] [00076102007AA00588] [DCHEY02504000019] [TIME:2025-10-10 12:30:11.844692]
2025-10-10 12:30:11 - tcp_packets - INFO - 2025-10-10 15:30:11.850 | [OUTGOING] [HeartbeatResponse] [9 bytes] [0x61] [00076102007AA00588] [DCHEY02504000019] [TIME:2025-10-10 12:30:11.850555]
2025-10-10 12:30:12 - tcp_packets - INFO - 2025-10-10 15:30:12.093 | [INCOMING] [Heartbeat] [9 bytes] [0x61] [00076102006D8F53F9] [DCHEY02504000018] [TIME:2025-10-10 12:30:12.093462]
2025-10-10 12:30:12 - tcp_packets - INFO - 2025-10-10 15:30:12.099 | [OUTGOING] [HeartbeatResponse] [9 bytes] [0x61] [00076102006D8F53F9] [DCHEY02504000018] [TIME:2025-10-10 12:30:12.099645]
2025-10-10 12:30:41 - tcp_packets - INFO - 2025-10-10 15:30:41.779 | [INCOMING] [Heartbeat] [9 bytes] [0x61] [00076102007AA00588] [DCHEY02504000019] [TIME:2025-10-10 12:30:41.779565]
2025-10-10 12:30:41 - tcp_packets - INFO - 2025-10-10 15:30:41.785 | [OUTGOING] [HeartbeatResponse] [9 bytes] [0x61] [00076102007AA00588] [DCHEY02504000019] [TIME:2025-10-10 12:30:41.784997]
2025-10-10 12:30:42 - tcp_packets - INFO - 2025-10-10 15:30:42.033 | [INCOMING] [Heartbeat] [9 bytes] [0x61] [00076102006D8F53F9] [DCHEY02504000018] [TIME:2025-10-10 12:30:42.033182]
2025-10-10 12:30:42 - tcp_packets - INFO - 2025-10-10 15:30:42.038 | [OUTGOING] [HeartbeatResponse] [9 bytes] [0x61] [00076102006D8F53F9] [DCHEY02504000018] [TIME:2025-10-10 12:30:42.038794]
